28-07-2017 08:42:28	Exception: Ошибка открытия файла
main()

28-07-2017 08:42:29	Exception: Ошибка счетчика ссылок
main()

28-07-2017 08:42:30	Exception: Конвертер: не могу определить кодировку
main()

28-07-2017 08:42:31	Exception: 
main()

28-07-2017 08:42:32	Exception: Библиотека символов Юникода(UCS2) повреждена или имеет не верный формат
main()

28-07-2017 08:42:32	Exception: Библиотека символов Юникода(UCS2) повреждена или имеет не верный формат
main()

28-07-2017 08:42:33	Exception: Выход за рамки массива
main()

28-07-2017 08:42:33	Exception: Выход за рамки массива
main()

28-07-2017 08:42:35	Exception: Выход за рамки массива
main()

28-07-2017 08:42:36	Exception: Неизвестная ошибка
main()

28-07-2017 08:42:37	Exception: Ошибка записи в файл
main()

28-07-2017 08:42:38	Exception: Библиотека символов UTF8 повреждена или имеет не верный формат
main()

28-07-2017 08:42:38	Exception: Библиотека символов UTF8 повреждена или имеет не верный формат
main()

28-07-2017 08:42:39	Exception: Конвертер: найден маркер 'UCS2LE'
main()

28-07-2017 08:42:40	Exception: Не найдена библиотека символов Юникода(UCS2)
main()

28-07-2017 08:42:40	Exception: Не найдена библиотека символов Юникода(UCS2)
main()

